<?xml version="1.0" encoding="UTF-8"?>
<testng-results skipped="0" failed="0" ignored="0" total="1" passed="1">
  <reporter-output>
  </reporter-output>
  <suite name="Default suite" duration-ms="45210" started-at="2018-08-19T11:48:18Z" finished-at="2018-08-19T11:49:03Z">
    <groups>
    </groups>
    <test name="Default test" duration-ms="45210" started-at="2018-08-19T11:48:18Z" finished-at="2018-08-19T11:49:03Z">
      <class name="SeleniumPractice.ClickAmazon_MultipleWindows">
        <test-method status="PASS" signature="closeAmazon()[pri:0, instance:SeleniumPractice.ClickAmazon_MultipleWindows@7113b13f]" name="closeAmazon" duration-ms="45194" started-at="2018-08-19T11:48:18Z" finished-at="2018-08-19T11:49:03Z">
          <reporter-output>
          </reporter-output>
        </test-method> <!-- closeAmazon -->
      </class> <!-- SeleniumPractice.ClickAmazon_MultipleWindows -->
    </test> <!-- Default test -->
  </suite> <!-- Default suite -->
</testng-results>
