<?xml version="1.0" encoding="UTF-8"?>
<!-- Generated by org.testng.reporters.JUnitXMLReporter -->
<testsuite hostname="INHYDDBBANOTH" ignored="0" name="geetha_test" tests="3" failures="0" timestamp="21 Jun 2018 11:13:40 GMT" time="16.193" errors="0">
  <testcase name="Checktitle" time="15.746" classname="BasicEx.LaunchFF"/>
  <testcase name="screenshot" time="0.086" classname="BasicEx.LaunchFF"/>
  <testcase name="clickonbootstrapdrop" time="0.344" classname="BasicEx.LaunchFF"/>
</testsuite> <!-- geetha_test -->
